<?xml version="1.0" encoding="UTF-8"?>
<!-- Generated by org.testng.reporters.JUnitReportReporter -->
<testsuite hostname="DESKTOP-BA6SG94" failures="0" tests="2" name="com.mystore.testcases.CreateAccountPageTest" time="32.395" errors="0" timestamp="2023-11-06T13:48:53 IST" skipped="0">
  <testcase classname="com.mystore.testcases.CreateAccountPageTest" name="validationOfCreateAccountPage" time="14.749"/>
  <system-out/>
  <testcase classname="com.mystore.testcases.CreateAccountPageTest" name="createOfNewAccount" time="17.646"/>
  <system-out/>
</testsuite> <!-- com.mystore.testcases.CreateAccountPageTest -->
