<?xml version="1.0" encoding="UTF-8"?>
<!-- Generated by org.testng.reporters.JUnitReportReporter -->
<testsuite hostname="DESKTOP-BA6SG94" failures="0" tests="2" name="com.mystore.testcases.IndexPageTest" time="81.516" errors="0" timestamp="2023-11-06T13:48:53 IST" skipped="0">
  <testcase classname="com.mystore.testcases.IndexPageTest" name="validateSignInPageTitleAfterClickOnSignIn" time="39.401"/>
  <system-out/>
  <testcase classname="com.mystore.testcases.IndexPageTest" name="verifyLogoTest" time="42.115"/>
  <system-out/>
</testsuite> <!-- com.mystore.testcases.IndexPageTest -->
