<?xml version="1.0" encoding="UTF-8"?>
<!-- Generated by org.testng.reporters.JUnitReportReporter -->
<testsuite hostname="DESKTOP-BA6SG94" failures="0" tests="1" name="com.mystore.testcases.MyAccountPageTest" time="21.074" errors="0" timestamp="2023-11-06T13:48:53 IST" skipped="0">
  <testcase classname="com.mystore.testcases.MyAccountPageTest" name="validationOfMyAcntPage" time="21.074"/>
  <system-out/>
</testsuite> <!-- com.mystore.testcases.MyAccountPageTest -->
